<?xml version="1.0" encoding="UTF-8"?>
<!-- Generated by org.testng.reporters.JUnitReportReporter -->
<testsuite hostname="LTIN514639" failures="0" tests="1" name="testCases.TS03_GoogleSignIn" time="53.157" errors="0" timestamp="2024-02-29T14:29:13 IST" skipped="0">
  <testcase classname="testCases.TS03_GoogleSignIn" name="testGoogleSignIn" time="53.157"/>
  <system-out/>
</testsuite> <!-- testCases.TS03_GoogleSignIn -->
