<?xml version="1.0" encoding="UTF-8"?>
<!-- Generated by org.testng.reporters.JUnitReportReporter -->
<testsuite hostname="LTIN514639" failures="0" tests="1" name="testCases.TS02_UsedCars" time="20.406" errors="0" timestamp="2024-02-29T14:29:13 IST" skipped="0">
  <testcase classname="testCases.TS02_UsedCars" name="usedCars" time="20.406"/>
  <system-out/>
</testsuite> <!-- testCases.TS02_UsedCars -->
