<?xml version="1.0" encoding="UTF-8"?>
<!-- Generated by org.testng.reporters.JUnitReportReporter -->
<testsuite hostname="LTIN514639" failures="0" tests="1" name="testCases.TS01_UpcomingBikes" time="12.603" errors="0" timestamp="2024-02-29T14:29:13 IST" skipped="0">
  <testcase classname="testCases.TS01_UpcomingBikes" name="upComingBikes" time="12.603"/>
  <system-out/>
</testsuite> <!-- testCases.TS01_UpcomingBikes -->
